<?xml version="1.0" encoding="UTF-8"?>
<testng-results ignored="0" total="1" passed="1" failed="0" skipped="0">
  <reporter-output>
  </reporter-output>
  <suite started-at="2024-10-30T20:49:23 IST" name="Surefire suite" finished-at="2024-10-30T20:49:32 IST" duration-ms="9404">
    <groups>
    </groups>
    <test started-at="2024-10-30T20:49:23 IST" name="Surefire test" finished-at="2024-10-30T20:49:32 IST" duration-ms="9404">
      <class name="testCases.DynamicTableTestCase">
        <test-method is-config="true" signature="setup()[pri:0, instance:testCases.DynamicTableTestCase@fba92d3]" started-at="2024-10-30T20:49:23 IST" name="setup" finished-at="2024-10-30T20:49:30 IST" duration-ms="7054" status="PASS">
          <reporter-output>
          </reporter-output>
        </test-method> <!-- setup -->
        <test-method signature="sendDataFetchDataAndAssert()[pri:0, instance:testCases.DynamicTableTestCase@fba92d3]" started-at="2024-10-30T20:49:30 IST" name="sendDataFetchDataAndAssert" finished-at="2024-10-30T20:49:31 IST" duration-ms="1530" status="PASS">
          <reporter-output>
          </reporter-output>
        </test-method> <!-- sendDataFetchDataAndAssert -->
        <test-method is-config="true" signature="teardown()[pri:0, instance:testCases.DynamicTableTestCase@fba92d3]" started-at="2024-10-30T20:49:31 IST" name="teardown" finished-at="2024-10-30T20:49:32 IST" duration-ms="536" status="PASS">
          <reporter-output>
          </reporter-output>
        </test-method> <!-- teardown -->
      </class> <!-- testCases.DynamicTableTestCase -->
    </test> <!-- Surefire test -->
  </suite> <!-- Surefire suite -->
</testng-results>
