<?xml version="1.0" encoding="UTF-8"?>
<testng-results ignored="0" total="1" passed="1" failed="0" skipped="0">
  <reporter-output>
  </reporter-output>
  <suite started-at="2024-10-30T20:50:38 IST" name="Default suite" finished-at="2024-10-30T20:50:46 IST" duration-ms="8109">
    <groups>
    </groups>
    <test started-at="2024-10-30T20:50:38 IST" name="Default test" finished-at="2024-10-30T20:50:46 IST" duration-ms="8109">
      <class name="testCases.DynamicTableTestCase">
        <test-method is-config="true" signature="setup()[pri:0, instance:testCases.DynamicTableTestCase@97e93f1]" started-at="2024-10-30T20:50:38 IST" name="setup" finished-at="2024-10-30T20:50:44 IST" duration-ms="6007" status="PASS">
          <reporter-output>
          </reporter-output>
        </test-method> <!-- setup -->
        <test-method signature="sendDataFetchDataAndAssert()[pri:0, instance:testCases.DynamicTableTestCase@97e93f1]" started-at="2024-10-30T20:50:44 IST" name="sendDataFetchDataAndAssert" finished-at="2024-10-30T20:50:45 IST" duration-ms="1441" status="PASS">
          <reporter-output>
          </reporter-output>
        </test-method> <!-- sendDataFetchDataAndAssert -->
        <test-method is-config="true" signature="teardown()[pri:0, instance:testCases.DynamicTableTestCase@97e93f1]" started-at="2024-10-30T20:50:46 IST" name="teardown" finished-at="2024-10-30T20:50:46 IST" duration-ms="458" status="PASS">
          <reporter-output>
          </reporter-output>
        </test-method> <!-- teardown -->
      </class> <!-- testCases.DynamicTableTestCase -->
    </test> <!-- Default test -->
  </suite> <!-- Default suite -->
</testng-results>
